TN:
SF:/Users/obihill/Documents/My_Projects/ObiHill/Dev/rebunk/test/spec/src/rebunk.beta.core.js
FN:9,(anonymous_1)
FN:11,(anonymous_2)
FN:15,(anonymous_3)
FN:20,(anonymous_4)
FN:36,_startTimer
FN:45,_endTimer
FN:54,_diffTimer
FN:71,_displaySummary
FN:103,config
FN:146,_getConfig
FN:179,stage
FN:467,test
FN:496,(anonymous_13)
FNF:13
FNH:13
FNDA:1,(anonymous_1)
FNDA:1,(anonymous_2)
FNDA:1,(anonymous_3)
FNDA:1,(anonymous_4)
FNDA:1,_startTimer
FNDA:2,_endTimer
FNDA:1,_diffTimer
FNDA:1,_displaySummary
FNDA:2,config
FNDA:4,_getConfig
FNDA:1,stage
FNDA:2,test
FNDA:1,(anonymous_13)
DA:9,1
DA:11,1
DA:12,1
DA:13,1
DA:14,1
DA:20,1
DA:23,1
DA:24,1
DA:25,1
DA:26,1
DA:29,1
DA:36,1
DA:38,1
DA:45,1
DA:47,2
DA:54,1
DA:56,1
DA:61,1
DA:62,1
DA:64,1
DA:71,1
DA:73,1
DA:82,1
DA:103,1
DA:105,2
DA:109,2
DA:112,2
DA:115,2
DA:116,2
DA:117,2
DA:118,2
DA:119,2
DA:120,2
DA:123,2
DA:124,2
DA:125,2
DA:128,2
DA:129,2
DA:130,2
DA:134,2
DA:137,2
DA:146,1
DA:148,4
DA:149,4
DA:151,0
DA:153,4
DA:179,1
DA:181,1
DA:189,1
DA:191,1
DA:193,1
DA:197,1
DA:200,1
DA:203,1
DA:208,1
DA:210,1
DA:211,1
DA:212,1
DA:214,1
DA:216,1
DA:217,1
DA:222,1
DA:226,1
DA:228,1
DA:229,1
DA:231,1
DA:233,1
DA:234,1
DA:239,1
DA:243,1
DA:245,1
DA:246,1
DA:248,1
DA:250,1
DA:251,1
DA:256,1
DA:260,1
DA:262,1
DA:263,1
DA:265,1
DA:267,1
DA:268,1
DA:273,1
DA:277,1
DA:279,1
DA:280,1
DA:282,1
DA:284,1
DA:285,1
DA:290,1
DA:294,1
DA:296,1
DA:297,1
DA:299,1
DA:301,1
DA:302,1
DA:307,1
DA:311,1
DA:313,1
DA:314,1
DA:316,1
DA:318,1
DA:319,1
DA:324,1
DA:328,1
DA:330,1
DA:331,1
DA:333,1
DA:335,1
DA:336,1
DA:341,1
DA:345,1
DA:347,1
DA:348,1
DA:350,1
DA:352,1
DA:353,1
DA:358,1
DA:362,1
DA:364,1
DA:365,1
DA:367,1
DA:369,0
DA:370,0
DA:375,1
DA:379,1
DA:381,1
DA:382,1
DA:384,1
DA:386,1
DA:387,1
DA:392,1
DA:396,1
DA:398,1
DA:399,1
DA:401,1
DA:403,0
DA:404,0
DA:409,1
DA:413,1
DA:415,1
DA:416,1
DA:418,1
DA:420,1
DA:421,1
DA:426,1
DA:430,1
DA:432,1
DA:433,1
DA:435,1
DA:437,1
DA:438,1
DA:444,1
DA:445,1
DA:447,1
DA:449,12
DA:450,12
DA:454,1
DA:457,1
DA:467,1
DA:469,2
DA:479,2
DA:481,0
DA:483,0
DA:487,2
DA:490,2
DA:492,1
DA:493,1
DA:496,1
DA:498,1
DA:502,2
DA:505,2
DA:507,1
DA:508,1
DA:509,1
DA:512,1
DA:516,1
DA:517,1
DA:518,1
DA:521,1
DA:525,2
DA:527,2
DA:531,2
DA:532,2
DA:535,2
DA:536,2
DA:539,2
DA:542,1
DA:549,1
LF:189
LH:182
BRDA:12,1,0,0
BRDA:12,1,1,1
BRDA:12,2,0,1
BRDA:12,2,1,1
BRDA:12,3,0,0
BRDA:12,3,1,0
BRDA:13,4,0,0
BRDA:13,4,1,1
BRDA:13,5,0,1
BRDA:13,5,1,0
BRDA:79,6,0,0
BRDA:79,6,1,1
BRDA:106,7,0,1
BRDA:106,7,1,1
BRDA:109,8,0,0
BRDA:109,8,1,2
BRDA:109,9,0,2
BRDA:109,9,1,0
BRDA:112,10,0,1
BRDA:112,10,1,1
BRDA:112,11,0,2
BRDA:112,11,1,1
BRDA:115,12,0,0
BRDA:115,12,1,2
BRDA:115,13,0,2
BRDA:115,13,1,0
BRDA:116,14,0,0
BRDA:116,14,1,2
BRDA:116,15,0,2
BRDA:116,15,1,0
BRDA:117,16,0,0
BRDA:117,16,1,2
BRDA:117,17,0,2
BRDA:117,17,1,0
BRDA:118,18,0,0
BRDA:118,18,1,2
BRDA:118,19,0,2
BRDA:118,19,1,0
BRDA:119,20,0,0
BRDA:119,20,1,2
BRDA:119,21,0,2
BRDA:119,21,1,0
BRDA:120,22,0,0
BRDA:120,22,1,2
BRDA:120,23,0,2
BRDA:120,23,1,0
BRDA:123,24,0,0
BRDA:123,24,1,2
BRDA:123,25,0,2
BRDA:123,25,1,0
BRDA:124,26,0,0
BRDA:124,26,1,2
BRDA:124,27,0,2
BRDA:124,27,1,0
BRDA:125,28,0,0
BRDA:125,28,1,2
BRDA:125,29,0,2
BRDA:125,29,1,0
BRDA:128,30,0,0
BRDA:128,30,1,2
BRDA:128,31,0,2
BRDA:128,31,1,0
BRDA:129,32,0,0
BRDA:129,32,1,2
BRDA:129,33,0,2
BRDA:129,33,1,0
BRDA:130,34,0,0
BRDA:130,34,1,2
BRDA:130,35,0,2
BRDA:130,35,1,0
BRDA:149,36,0,0
BRDA:149,36,1,4
BRDA:189,37,0,1
BRDA:189,37,1,0
BRDA:200,38,0,1
BRDA:200,38,1,0
BRDA:208,39,0,1
BRDA:208,39,1,0
BRDA:208,40,0,1
BRDA:208,40,1,1
BRDA:214,41,0,1
BRDA:214,41,1,0
BRDA:226,42,0,1
BRDA:226,42,1,0
BRDA:226,43,0,1
BRDA:226,43,1,1
BRDA:231,44,0,1
BRDA:231,44,1,0
BRDA:243,45,0,1
BRDA:243,45,1,0
BRDA:243,46,0,1
BRDA:243,46,1,1
BRDA:248,47,0,1
BRDA:248,47,1,0
BRDA:260,48,0,1
BRDA:260,48,1,0
BRDA:260,49,0,1
BRDA:260,49,1,1
BRDA:265,50,0,1
BRDA:265,50,1,0
BRDA:277,51,0,1
BRDA:277,51,1,0
BRDA:277,52,0,1
BRDA:277,52,1,1
BRDA:282,53,0,1
BRDA:282,53,1,0
BRDA:294,54,0,1
BRDA:294,54,1,0
BRDA:299,55,0,1
BRDA:299,55,1,0
BRDA:311,56,0,1
BRDA:311,56,1,0
BRDA:316,57,0,1
BRDA:316,57,1,0
BRDA:328,58,0,1
BRDA:328,58,1,0
BRDA:333,59,0,1
BRDA:333,59,1,0
BRDA:345,60,0,1
BRDA:345,60,1,0
BRDA:350,61,0,1
BRDA:350,61,1,0
BRDA:358,62,0,1
BRDA:358,62,1,0
BRDA:362,63,0,1
BRDA:362,63,1,0
BRDA:367,64,0,0
BRDA:367,64,1,1
BRDA:379,65,0,1
BRDA:379,65,1,0
BRDA:384,66,0,1
BRDA:384,66,1,0
BRDA:396,67,0,1
BRDA:396,67,1,0
BRDA:401,68,0,0
BRDA:401,68,1,1
BRDA:413,69,0,1
BRDA:413,69,1,0
BRDA:413,70,0,1
BRDA:413,70,1,1
BRDA:413,70,2,1
BRDA:418,71,0,1
BRDA:418,71,1,0
BRDA:426,72,0,1
BRDA:426,72,1,0
BRDA:430,73,0,1
BRDA:430,73,1,0
BRDA:430,74,0,1
BRDA:430,74,1,1
BRDA:430,74,2,1
BRDA:435,75,0,1
BRDA:435,75,1,0
BRDA:445,76,0,1
BRDA:445,76,1,0
BRDA:449,77,0,1
BRDA:449,77,1,11
BRDA:479,78,0,0
BRDA:479,78,1,2
BRDA:490,79,0,1
BRDA:490,79,1,1
BRDA:505,80,0,1
BRDA:505,80,1,1
BRDA:525,81,0,2
BRDA:525,81,1,0
BRF:164
BRH:96
end_of_record
