TN:
SF:/Users/obihill/Documents/My_Projects/ObiHill/Dev/rebunk/test/spec/src/rebunk.beta.core.js
FN:9,(anonymous_1)
FN:11,(anonymous_2)
FN:15,(anonymous_3)
FN:20,(anonymous_4)
FN:36,_startTimer
FN:45,_endTimer
FN:54,_diffTimer
FN:71,_displaySummary
FN:102,config
FN:142,_getConfig
FN:175,stage
FN:477,test
FN:509,(anonymous_13)
FNF:13
FNH:13
FNDA:1,(anonymous_1)
FNDA:1,(anonymous_2)
FNDA:1,(anonymous_3)
FNDA:1,(anonymous_4)
FNDA:1,_startTimer
FNDA:2,_endTimer
FNDA:1,_diffTimer
FNDA:1,_displaySummary
FNDA:2,config
FNDA:4,_getConfig
FNDA:1,stage
FNDA:2,test
FNDA:1,(anonymous_13)
DA:9,1
DA:11,1
DA:12,1
DA:13,1
DA:14,1
DA:20,1
DA:23,1
DA:24,1
DA:25,1
DA:26,1
DA:29,1
DA:36,1
DA:38,1
DA:45,1
DA:47,2
DA:54,1
DA:56,1
DA:61,1
DA:62,1
DA:64,1
DA:71,1
DA:73,1
DA:82,1
DA:102,1
DA:104,2
DA:108,2
DA:111,2
DA:112,2
DA:113,2
DA:114,2
DA:115,2
DA:116,2
DA:119,2
DA:120,2
DA:121,2
DA:124,2
DA:125,2
DA:126,2
DA:130,2
DA:133,2
DA:142,1
DA:144,4
DA:145,4
DA:147,0
DA:149,4
DA:175,1
DA:177,1
DA:185,1
DA:187,1
DA:189,1
DA:193,1
DA:196,1
DA:199,1
DA:205,1
DA:207,1
DA:208,1
DA:209,1
DA:211,1
DA:213,1
DA:214,1
DA:219,1
DA:224,1
DA:226,1
DA:227,1
DA:229,1
DA:231,1
DA:232,1
DA:237,1
DA:242,1
DA:244,1
DA:245,1
DA:247,1
DA:249,1
DA:250,1
DA:255,1
DA:260,1
DA:262,1
DA:263,1
DA:265,1
DA:267,1
DA:268,1
DA:273,1
DA:278,1
DA:280,1
DA:281,1
DA:283,1
DA:285,1
DA:286,1
DA:291,1
DA:296,1
DA:298,1
DA:299,1
DA:301,1
DA:303,1
DA:304,1
DA:309,1
DA:314,1
DA:316,1
DA:317,1
DA:319,1
DA:321,1
DA:322,1
DA:327,1
DA:332,1
DA:334,1
DA:335,1
DA:337,1
DA:339,1
DA:340,1
DA:345,1
DA:350,1
DA:352,1
DA:353,1
DA:355,1
DA:357,1
DA:358,1
DA:363,1
DA:368,1
DA:370,1
DA:371,1
DA:373,1
DA:375,0
DA:376,0
DA:381,1
DA:386,1
DA:388,1
DA:389,1
DA:391,1
DA:393,1
DA:394,1
DA:399,1
DA:404,1
DA:406,1
DA:407,1
DA:409,1
DA:411,0
DA:412,0
DA:417,1
DA:422,1
DA:424,1
DA:425,1
DA:427,1
DA:429,1
DA:430,1
DA:435,1
DA:440,1
DA:442,1
DA:443,1
DA:445,1
DA:447,1
DA:448,1
DA:454,1
DA:455,1
DA:457,1
DA:459,12
DA:460,12
DA:464,1
DA:467,1
DA:477,1
DA:479,2
DA:492,2
DA:494,0
DA:496,0
DA:500,2
DA:503,2
DA:505,1
DA:506,1
DA:509,1
DA:511,1
DA:515,2
DA:531,2
DA:533,1
DA:534,1
DA:535,1
DA:538,1
DA:542,1
DA:543,1
DA:544,1
DA:547,1
DA:551,2
DA:553,2
DA:557,2
DA:558,2
DA:561,2
DA:562,2
DA:565,2
DA:568,1
DA:575,1
LF:188
LH:181
BRDA:12,1,0,0
BRDA:12,1,1,1
BRDA:12,2,0,1
BRDA:12,2,1,1
BRDA:12,3,0,0
BRDA:12,3,1,0
BRDA:13,4,0,0
BRDA:13,4,1,1
BRDA:13,5,0,1
BRDA:13,5,1,0
BRDA:79,6,0,0
BRDA:79,6,1,1
BRDA:105,7,0,1
BRDA:105,7,1,1
BRDA:108,8,0,1
BRDA:108,8,1,1
BRDA:108,9,0,2
BRDA:108,9,1,1
BRDA:111,10,0,0
BRDA:111,10,1,2
BRDA:111,11,0,2
BRDA:111,11,1,0
BRDA:112,12,0,0
BRDA:112,12,1,2
BRDA:112,13,0,2
BRDA:112,13,1,0
BRDA:113,14,0,0
BRDA:113,14,1,2
BRDA:113,15,0,2
BRDA:113,15,1,0
BRDA:114,16,0,0
BRDA:114,16,1,2
BRDA:114,17,0,2
BRDA:114,17,1,0
BRDA:115,18,0,0
BRDA:115,18,1,2
BRDA:115,19,0,2
BRDA:115,19,1,0
BRDA:116,20,0,0
BRDA:116,20,1,2
BRDA:116,21,0,2
BRDA:116,21,1,0
BRDA:119,22,0,0
BRDA:119,22,1,2
BRDA:119,23,0,2
BRDA:119,23,1,0
BRDA:120,24,0,0
BRDA:120,24,1,2
BRDA:120,25,0,2
BRDA:120,25,1,0
BRDA:121,26,0,0
BRDA:121,26,1,2
BRDA:121,27,0,2
BRDA:121,27,1,0
BRDA:124,28,0,0
BRDA:124,28,1,2
BRDA:124,29,0,2
BRDA:124,29,1,0
BRDA:125,30,0,0
BRDA:125,30,1,2
BRDA:125,31,0,2
BRDA:125,31,1,0
BRDA:126,32,0,0
BRDA:126,32,1,2
BRDA:126,33,0,2
BRDA:126,33,1,0
BRDA:145,34,0,0
BRDA:145,34,1,4
BRDA:185,35,0,1
BRDA:185,35,1,0
BRDA:196,36,0,1
BRDA:196,36,1,0
BRDA:205,37,0,1
BRDA:205,37,1,0
BRDA:205,38,0,1
BRDA:205,38,1,1
BRDA:211,39,0,1
BRDA:211,39,1,0
BRDA:224,40,0,1
BRDA:224,40,1,0
BRDA:224,41,0,1
BRDA:224,41,1,1
BRDA:229,42,0,1
BRDA:229,42,1,0
BRDA:242,43,0,1
BRDA:242,43,1,0
BRDA:242,44,0,1
BRDA:242,44,1,1
BRDA:247,45,0,1
BRDA:247,45,1,0
BRDA:260,46,0,1
BRDA:260,46,1,0
BRDA:260,47,0,1
BRDA:260,47,1,1
BRDA:265,48,0,1
BRDA:265,48,1,0
BRDA:278,49,0,1
BRDA:278,49,1,0
BRDA:278,50,0,1
BRDA:278,50,1,1
BRDA:283,51,0,1
BRDA:283,51,1,0
BRDA:296,52,0,1
BRDA:296,52,1,0
BRDA:301,53,0,1
BRDA:301,53,1,0
BRDA:314,54,0,1
BRDA:314,54,1,0
BRDA:319,55,0,1
BRDA:319,55,1,0
BRDA:332,56,0,1
BRDA:332,56,1,0
BRDA:337,57,0,1
BRDA:337,57,1,0
BRDA:350,58,0,1
BRDA:350,58,1,0
BRDA:355,59,0,1
BRDA:355,59,1,0
BRDA:363,60,0,1
BRDA:363,60,1,0
BRDA:368,61,0,1
BRDA:368,61,1,0
BRDA:373,62,0,0
BRDA:373,62,1,1
BRDA:386,63,0,1
BRDA:386,63,1,0
BRDA:391,64,0,1
BRDA:391,64,1,0
BRDA:404,65,0,1
BRDA:404,65,1,0
BRDA:409,66,0,0
BRDA:409,66,1,1
BRDA:422,67,0,1
BRDA:422,67,1,0
BRDA:422,68,0,1
BRDA:422,68,1,1
BRDA:422,68,2,1
BRDA:427,69,0,1
BRDA:427,69,1,0
BRDA:435,70,0,1
BRDA:435,70,1,0
BRDA:440,71,0,1
BRDA:440,71,1,0
BRDA:440,72,0,1
BRDA:440,72,1,1
BRDA:440,72,2,1
BRDA:445,73,0,1
BRDA:445,73,1,0
BRDA:455,74,0,1
BRDA:455,74,1,0
BRDA:459,75,0,1
BRDA:459,75,1,11
BRDA:492,76,0,0
BRDA:492,76,1,2
BRDA:503,77,0,1
BRDA:503,77,1,1
BRDA:531,78,0,1
BRDA:531,78,1,1
BRDA:551,79,0,2
BRDA:551,79,1,0
BRF:160
BRH:94
end_of_record
